<?xml version="1.0" encoding="UTF-8" ?>
<testsuite tests="4" failures="0" name="io.harness.jhttp.server.RequestLineTest" time="0" errors="0" skipped="0">
  <properties>
[...]
</properties>
  <testcase classname="io.harness.jhttp.server.RequestLineTest" name="emptyLine" time="0"/>
  <testcase classname="io.harness.jhttp.server.RequestLineTest" name="testParseRequestLine" time="0"/>
  <testcase classname="io.harness.jhttp.server.RequestLineTest" name="noUri" time="0"/>
  <testcase classname="io.harness.jhttp.server.RequestLineTest" name="noMethod" time="0"/>
</testsuite>