<?xml version="1.0" encoding="UTF-8" ?>
<testsuite tests="5" failures="0" name="io.harness.jhttp.server.SocketHttpResponseTest" time="0.002" errors="5" skipped="0">
  <properties>
[...]
</properties>
  <testcase classname="io.harness.jhttp.server.SocketHttpResponseTest" name="testOnlyPrintWriter" time="0">
    <error message="Unexpected exception, expected&lt;java.lang.IllegalStateException&gt; but was&lt;java.lang.reflect.InaccessibleObjectException&gt;" type="java.lang.Exception">java.lang.Exception: Unexpected exception, expected&lt;java.lang.IllegalStateException&gt; but was&lt;java.lang.reflect.InaccessibleObjectException&gt;
	at org.junit.internal.runners.statements.ExpectException.evaluate(ExpectException.java:28)
	at org.junit.internal.runners.statements.RunBefores.evaluate(RunBefores.java:26)
	at org.junit.runners.ParentRunner.runLeaf(ParentRunner.java:325)
	at org.junit.runners.BlockJUnit4ClassRunner.runChild(BlockJUnit4ClassRunner.java:78)
	at org.junit.runners.BlockJUnit4ClassRunner.runChild(BlockJUnit4ClassRunner.java:57)
	at org.junit.runners.ParentRunner$3.run(ParentRunner.java:290)
	at org.junit.runners.ParentRunner$1.schedule(ParentRunner.java:71)
	at org.junit.runners.ParentRunner.runChildren(ParentRunner.java:288)
	at org.junit.runners.ParentRunner.access$000(ParentRunner.java:58)
	at org.junit.runners.ParentRunner$2.evaluate(ParentRunner.java:268)
	at org.junit.runners.ParentRunner.run(ParentRunner.java:363)
	at org.apache.maven.surefire.junit4.JUnit4Provider.execute(JUnit4Provider.java:252)
	at org.apache.maven.surefire.junit4.JUnit4Provider.executeTestSet(JUnit4Provider.java:141)
	at org.apache.maven.surefire.junit4.JUnit4Provider.invoke(JUnit4Provider.java:112)
	at java.base/jdk.internal.reflect.NativeMethodAccessorImpl.invoke0(Native Method)
	at java.base/jdk.internal.reflect.NativeMethodAccessorImpl.invoke(NativeMethodAccessorImpl.java:78)
	at java.base/jdk.internal.reflect.DelegatingMethodAccessorImpl.invoke(DelegatingMethodAccessorImpl.java:43)
	at java.base/java.lang.reflect.Method.invoke(Method.java:567)
	at org.apache.maven.surefire.util.ReflectionUtils.invokeMethodWithArray(ReflectionUtils.java:189)
	at org.apache.maven.surefire.booter.ProviderFactory$ProviderProxy.invoke(ProviderFactory.java:165)
	at org.apache.maven.surefire.booter.ProviderFactory.invokeProvider(ProviderFactory.java:85)
	at org.apache.maven.surefire.booter.ForkedBooter.runSuitesInProcess(ForkedBooter.java:115)
	at org.apache.maven.surefire.booter.ForkedBooter.main(ForkedBooter.java:75)
Caused by: java.lang.reflect.InaccessibleObjectException: Unable to make private java.net.Socket(java.net.SocketAddress,java.net.SocketAddress,boolean) throws java.io.IOException accessible: module java.base does not &quot;opens java.net&quot; to unnamed module @2eb231a6
	at java.base/java.lang.reflect.AccessibleObject.checkCanSetAccessible(AccessibleObject.java:357)
	at java.base/java.lang.reflect.AccessibleObject.checkCanSetAccessible(AccessibleObject.java:297)
	at java.base/java.lang.reflect.Constructor.checkCanSetAccessible(Constructor.java:188)
	at java.base/java.lang.reflect.Constructor.setAccessible(Constructor.java:181)
	at org.mockito.internal.creation.cglib.ClassImposterizer.setConstructorsAccessible(ClassImposterizer.java:86)
	at org.mockito.internal.creation.cglib.ClassImposterizer.imposterise(ClassImposterizer.java:56)
	at org.mockito.internal.creation.cglib.ClassImposterizer.imposterise(ClassImposterizer.java:49)
	at org.mockito.internal.creation.cglib.CglibMockMaker.createMock(CglibMockMaker.java:24)
	at org.mockito.internal.util.MockUtil.createMock(MockUtil.java:33)
	at org.mockito.internal.MockitoCore.mock(MockitoCore.java:59)
	at org.mockito.Mockito.mock(Mockito.java:1285)
	at org.mockito.Mockito.mock(Mockito.java:1163)
	at io.harness.jhttp.server.SocketHttpResponseTest.createResponse(SocketHttpResponseTest.java:67)
	at io.harness.jhttp.server.SocketHttpResponseTest.testOnlyPrintWriter(SocketHttpResponseTest.java:40)
	at java.base/jdk.internal.reflect.NativeMethodAccessorImpl.invoke0(Native Method)
	at java.base/jdk.internal.reflect.NativeMethodAccessorImpl.invoke(NativeMethodAccessorImpl.java:78)
	at java.base/jdk.internal.reflect.DelegatingMethodAccessorImpl.invoke(DelegatingMethodAccessorImpl.java:43)
	at java.base/java.lang.reflect.Method.invoke(Method.java:567)
	at org.junit.runners.model.FrameworkMethod$1.runReflectiveCall(FrameworkMethod.java:50)
	at org.junit.internal.runners.model.ReflectiveCallable.run(ReflectiveCallable.java:12)
	at org.junit.runners.model.FrameworkMethod.invokeExplosively(FrameworkMethod.java:47)
	at org.junit.internal.runners.statements.InvokeMethod.evaluate(InvokeMethod.java:17)
	at org.junit.internal.runners.statements.ExpectException.evaluate(ExpectException.java:19)
	... 22 more
</error>
  </testcase>
  <testcase classname="io.harness.jhttp.server.SocketHttpResponseTest" name="testAddHeader" time="0">
    <error message="Unable to make private java.net.Socket(java.net.SocketAddress,java.net.SocketAddress,boolean) throws java.io.IOException accessible: module java.base does not &quot;opens java.net&quot; to unnamed module @2eb231a6" type="java.lang.reflect.InaccessibleObjectException">java.lang.reflect.InaccessibleObjectException: Unable to make private java.net.Socket(java.net.SocketAddress,java.net.SocketAddress,boolean) throws java.io.IOException accessible: module java.base does not &quot;opens java.net&quot; to unnamed module @2eb231a6
	at java.base/java.lang.reflect.AccessibleObject.checkCanSetAccessible(AccessibleObject.java:357)
	at java.base/java.lang.reflect.AccessibleObject.checkCanSetAccessible(AccessibleObject.java:297)
	at java.base/java.lang.reflect.Constructor.checkCanSetAccessible(Constructor.java:188)
	at java.base/java.lang.reflect.Constructor.setAccessible(Constructor.java:181)
	at org.mockito.internal.creation.cglib.ClassImposterizer.setConstructorsAccessible(ClassImposterizer.java:86)
	at org.mockito.internal.creation.cglib.ClassImposterizer.imposterise(ClassImposterizer.java:56)
	at org.mockito.internal.creation.cglib.ClassImposterizer.imposterise(ClassImposterizer.java:49)
	at org.mockito.internal.creation.cglib.CglibMockMaker.createMock(CglibMockMaker.java:24)
	at org.mockito.internal.util.MockUtil.createMock(MockUtil.java:33)
	at org.mockito.internal.MockitoCore.mock(MockitoCore.java:59)
	at org.mockito.Mockito.mock(Mockito.java:1285)
	at org.mockito.Mockito.mock(Mockito.java:1163)
	at io.harness.jhttp.server.SocketHttpResponseTest.createResponse(SocketHttpResponseTest.java:67)
	at io.harness.jhttp.server.SocketHttpResponseTest.testAddHeader(SocketHttpResponseTest.java:27)
	at java.base/jdk.internal.reflect.NativeMethodAccessorImpl.invoke0(Native Method)
	at java.base/jdk.internal.reflect.NativeMethodAccessorImpl.invoke(NativeMethodAccessorImpl.java:78)
	at java.base/jdk.internal.reflect.DelegatingMethodAccessorImpl.invoke(DelegatingMethodAccessorImpl.java:43)
	at java.base/java.lang.reflect.Method.invoke(Method.java:567)
	at org.junit.runners.model.FrameworkMethod$1.runReflectiveCall(FrameworkMethod.java:50)
	at org.junit.internal.runners.model.ReflectiveCallable.run(ReflectiveCallable.java:12)
	at org.junit.runners.model.FrameworkMethod.invokeExplosively(FrameworkMethod.java:47)
	at org.junit.internal.runners.statements.InvokeMethod.evaluate(InvokeMethod.java:17)
	at org.junit.internal.runners.statements.RunBefores.evaluate(RunBefores.java:26)
	at org.junit.runners.ParentRunner.runLeaf(ParentRunner.java:325)
	at org.junit.runners.BlockJUnit4ClassRunner.runChild(BlockJUnit4ClassRunner.java:78)
	at org.junit.runners.BlockJUnit4ClassRunner.runChild(BlockJUnit4ClassRunner.java:57)
	at org.junit.runners.ParentRunner$3.run(ParentRunner.java:290)
	at org.junit.runners.ParentRunner$1.schedule(ParentRunner.java:71)
	at org.junit.runners.ParentRunner.runChildren(ParentRunner.java:288)
	at org.junit.runners.ParentRunner.access$000(ParentRunner.java:58)
	at org.junit.runners.ParentRunner$2.evaluate(ParentRunner.java:268)
	at org.junit.runners.ParentRunner.run(ParentRunner.java:363)
	at org.apache.maven.surefire.junit4.JUnit4Provider.execute(JUnit4Provider.java:252)
	at org.apache.maven.surefire.junit4.JUnit4Provider.executeTestSet(JUnit4Provider.java:141)
	at org.apache.maven.surefire.junit4.JUnit4Provider.invoke(JUnit4Provider.java:112)
	at java.base/jdk.internal.reflect.NativeMethodAccessorImpl.invoke0(Native Method)
	at java.base/jdk.internal.reflect.NativeMethodAccessorImpl.invoke(NativeMethodAccessorImpl.java:78)
	at java.base/jdk.internal.reflect.DelegatingMethodAccessorImpl.invoke(DelegatingMethodAccessorImpl.java:43)
	at java.base/java.lang.reflect.Method.invoke(Method.java:567)
	at org.apache.maven.surefire.util.ReflectionUtils.invokeMethodWithArray(ReflectionUtils.java:189)
	at org.apache.maven.surefire.booter.ProviderFactory$ProviderProxy.invoke(ProviderFactory.java:165)
	at org.apache.maven.surefire.booter.ProviderFactory.invokeProvider(ProviderFactory.java:85)
	at org.apache.maven.surefire.booter.ForkedBooter.runSuitesInProcess(ForkedBooter.java:115)
	at org.apache.maven.surefire.booter.ForkedBooter.main(ForkedBooter.java:75)
</error>
  </testcase>
  <testcase classname="io.harness.jhttp.server.SocketHttpResponseTest" name="testNoHeadersAfterCommit" time="0.001">
    <error message="Unexpected exception, expected&lt;java.lang.IllegalStateException&gt; but was&lt;java.lang.reflect.InaccessibleObjectException&gt;" type="java.lang.Exception">java.lang.Exception: Unexpected exception, expected&lt;java.lang.IllegalStateException&gt; but was&lt;java.lang.reflect.InaccessibleObjectException&gt;
	at org.junit.internal.runners.statements.ExpectException.evaluate(ExpectException.java:28)
	at org.junit.internal.runners.statements.RunBefores.evaluate(RunBefores.java:26)
	at org.junit.runners.ParentRunner.runLeaf(ParentRunner.java:325)
	at org.junit.runners.BlockJUnit4ClassRunner.runChild(BlockJUnit4ClassRunner.java:78)
	at org.junit.runners.BlockJUnit4ClassRunner.runChild(BlockJUnit4ClassRunner.java:57)
	at org.junit.runners.ParentRunner$3.run(ParentRunner.java:290)
	at org.junit.runners.ParentRunner$1.schedule(ParentRunner.java:71)
	at org.junit.runners.ParentRunner.runChildren(ParentRunner.java:288)
	at org.junit.runners.ParentRunner.access$000(ParentRunner.java:58)
	at org.junit.runners.ParentRunner$2.evaluate(ParentRunner.java:268)
	at org.junit.runners.ParentRunner.run(ParentRunner.java:363)
	at org.apache.maven.surefire.junit4.JUnit4Provider.execute(JUnit4Provider.java:252)
	at org.apache.maven.surefire.junit4.JUnit4Provider.executeTestSet(JUnit4Provider.java:141)
	at org.apache.maven.surefire.junit4.JUnit4Provider.invoke(JUnit4Provider.java:112)
	at java.base/jdk.internal.reflect.NativeMethodAccessorImpl.invoke0(Native Method)
	at java.base/jdk.internal.reflect.NativeMethodAccessorImpl.invoke(NativeMethodAccessorImpl.java:78)
	at java.base/jdk.internal.reflect.DelegatingMethodAccessorImpl.invoke(DelegatingMethodAccessorImpl.java:43)
	at java.base/java.lang.reflect.Method.invoke(Method.java:567)
	at org.apache.maven.surefire.util.ReflectionUtils.invokeMethodWithArray(ReflectionUtils.java:189)
	at org.apache.maven.surefire.booter.ProviderFactory$ProviderProxy.invoke(ProviderFactory.java:165)
	at org.apache.maven.surefire.booter.ProviderFactory.invokeProvider(ProviderFactory.java:85)
	at org.apache.maven.surefire.booter.ForkedBooter.runSuitesInProcess(ForkedBooter.java:115)
	at org.apache.maven.surefire.booter.ForkedBooter.main(ForkedBooter.java:75)
Caused by: java.lang.reflect.InaccessibleObjectException: Unable to make private java.net.Socket(java.net.SocketAddress,java.net.SocketAddress,boolean) throws java.io.IOException accessible: module java.base does not &quot;opens java.net&quot; to unnamed module @2eb231a6
	at java.base/java.lang.reflect.AccessibleObject.checkCanSetAccessible(AccessibleObject.java:357)
	at java.base/java.lang.reflect.AccessibleObject.checkCanSetAccessible(AccessibleObject.java:297)
	at java.base/java.lang.reflect.Constructor.checkCanSetAccessible(Constructor.java:188)
	at java.base/java.lang.reflect.Constructor.setAccessible(Constructor.java:181)
	at org.mockito.internal.creation.cglib.ClassImposterizer.setConstructorsAccessible(ClassImposterizer.java:86)
	at org.mockito.internal.creation.cglib.ClassImposterizer.imposterise(ClassImposterizer.java:56)
	at org.mockito.internal.creation.cglib.ClassImposterizer.imposterise(ClassImposterizer.java:49)
	at org.mockito.internal.creation.cglib.CglibMockMaker.createMock(CglibMockMaker.java:24)
	at org.mockito.internal.util.MockUtil.createMock(MockUtil.java:33)
	at org.mockito.internal.MockitoCore.mock(MockitoCore.java:59)
	at org.mockito.Mockito.mock(Mockito.java:1285)
	at org.mockito.Mockito.mock(Mockito.java:1163)
	at io.harness.jhttp.server.SocketHttpResponseTest.createResponse(SocketHttpResponseTest.java:67)
	at io.harness.jhttp.server.SocketHttpResponseTest.testNoHeadersAfterCommit(SocketHttpResponseTest.java:54)
	at java.base/jdk.internal.reflect.NativeMethodAccessorImpl.invoke0(Native Method)
	at java.base/jdk.internal.reflect.NativeMethodAccessorImpl.invoke(NativeMethodAccessorImpl.java:78)
	at java.base/jdk.internal.reflect.DelegatingMethodAccessorImpl.invoke(DelegatingMethodAccessorImpl.java:43)
	at java.base/java.lang.reflect.Method.invoke(Method.java:567)
	at org.junit.runners.model.FrameworkMethod$1.runReflectiveCall(FrameworkMethod.java:50)
	at org.junit.internal.runners.model.ReflectiveCallable.run(ReflectiveCallable.java:12)
	at org.junit.runners.model.FrameworkMethod.invokeExplosively(FrameworkMethod.java:47)
	at org.junit.internal.runners.statements.InvokeMethod.evaluate(InvokeMethod.java:17)
	at org.junit.internal.runners.statements.ExpectException.evaluate(ExpectException.java:19)
	... 22 more
</error>
  </testcase>
  <testcase classname="io.harness.jhttp.server.SocketHttpResponseTest" name="testOnlyOutputStream" time="0">
    <error message="Unexpected exception, expected&lt;java.lang.IllegalStateException&gt; but was&lt;java.lang.reflect.InaccessibleObjectException&gt;" type="java.lang.Exception">java.lang.Exception: Unexpected exception, expected&lt;java.lang.IllegalStateException&gt; but was&lt;java.lang.reflect.InaccessibleObjectException&gt;
	at org.junit.internal.runners.statements.ExpectException.evaluate(ExpectException.java:28)
	at org.junit.internal.runners.statements.RunBefores.evaluate(RunBefores.java:26)
	at org.junit.runners.ParentRunner.runLeaf(ParentRunner.java:325)
	at org.junit.runners.BlockJUnit4ClassRunner.runChild(BlockJUnit4ClassRunner.java:78)
	at org.junit.runners.BlockJUnit4ClassRunner.runChild(BlockJUnit4ClassRunner.java:57)
	at org.junit.runners.ParentRunner$3.run(ParentRunner.java:290)
	at org.junit.runners.ParentRunner$1.schedule(ParentRunner.java:71)
	at org.junit.runners.ParentRunner.runChildren(ParentRunner.java:288)
	at org.junit.runners.ParentRunner.access$000(ParentRunner.java:58)
	at org.junit.runners.ParentRunner$2.evaluate(ParentRunner.java:268)
	at org.junit.runners.ParentRunner.run(ParentRunner.java:363)
	at org.apache.maven.surefire.junit4.JUnit4Provider.execute(JUnit4Provider.java:252)
	at org.apache.maven.surefire.junit4.JUnit4Provider.executeTestSet(JUnit4Provider.java:141)
	at org.apache.maven.surefire.junit4.JUnit4Provider.invoke(JUnit4Provider.java:112)
	at java.base/jdk.internal.reflect.NativeMethodAccessorImpl.invoke0(Native Method)
	at java.base/jdk.internal.reflect.NativeMethodAccessorImpl.invoke(NativeMethodAccessorImpl.java:78)
	at java.base/jdk.internal.reflect.DelegatingMethodAccessorImpl.invoke(DelegatingMethodAccessorImpl.java:43)
	at java.base/java.lang.reflect.Method.invoke(Method.java:567)
	at org.apache.maven.surefire.util.ReflectionUtils.invokeMethodWithArray(ReflectionUtils.java:189)
	at org.apache.maven.surefire.booter.ProviderFactory$ProviderProxy.invoke(ProviderFactory.java:165)
	at org.apache.maven.surefire.booter.ProviderFactory.invokeProvider(ProviderFactory.java:85)
	at org.apache.maven.surefire.booter.ForkedBooter.runSuitesInProcess(ForkedBooter.java:115)
	at org.apache.maven.surefire.booter.ForkedBooter.main(ForkedBooter.java:75)
Caused by: java.lang.reflect.InaccessibleObjectException: Unable to make private java.net.Socket(java.net.SocketAddress,java.net.SocketAddress,boolean) throws java.io.IOException accessible: module java.base does not &quot;opens java.net&quot; to unnamed module @2eb231a6
	at java.base/java.lang.reflect.AccessibleObject.checkCanSetAccessible(AccessibleObject.java:357)
	at java.base/java.lang.reflect.AccessibleObject.checkCanSetAccessible(AccessibleObject.java:297)
	at java.base/java.lang.reflect.Constructor.checkCanSetAccessible(Constructor.java:188)
	at java.base/java.lang.reflect.Constructor.setAccessible(Constructor.java:181)
	at org.mockito.internal.creation.cglib.ClassImposterizer.setConstructorsAccessible(ClassImposterizer.java:86)
	at org.mockito.internal.creation.cglib.ClassImposterizer.imposterise(ClassImposterizer.java:56)
	at org.mockito.internal.creation.cglib.ClassImposterizer.imposterise(ClassImposterizer.java:49)
	at org.mockito.internal.creation.cglib.CglibMockMaker.createMock(CglibMockMaker.java:24)
	at org.mockito.internal.util.MockUtil.createMock(MockUtil.java:33)
	at org.mockito.internal.MockitoCore.mock(MockitoCore.java:59)
	at org.mockito.Mockito.mock(Mockito.java:1285)
	at org.mockito.Mockito.mock(Mockito.java:1163)
	at io.harness.jhttp.server.SocketHttpResponseTest.createResponse(SocketHttpResponseTest.java:67)
	at io.harness.jhttp.server.SocketHttpResponseTest.testOnlyOutputStream(SocketHttpResponseTest.java:47)
	at java.base/jdk.internal.reflect.NativeMethodAccessorImpl.invoke0(Native Method)
	at java.base/jdk.internal.reflect.NativeMethodAccessorImpl.invoke(NativeMethodAccessorImpl.java:78)
	at java.base/jdk.internal.reflect.DelegatingMethodAccessorImpl.invoke(DelegatingMethodAccessorImpl.java:43)
	at java.base/java.lang.reflect.Method.invoke(Method.java:567)
	at org.junit.runners.model.FrameworkMethod$1.runReflectiveCall(FrameworkMethod.java:50)
	at org.junit.internal.runners.model.ReflectiveCallable.run(ReflectiveCallable.java:12)
	at org.junit.runners.model.FrameworkMethod.invokeExplosively(FrameworkMethod.java:47)
	at org.junit.internal.runners.statements.InvokeMethod.evaluate(InvokeMethod.java:17)
	at org.junit.internal.runners.statements.ExpectException.evaluate(ExpectException.java:19)
	... 22 more
</error>
  </testcase>
  <testcase classname="io.harness.jhttp.server.SocketHttpResponseTest" name="testNoSetContentTypeAfterCommit" time="0.001">
    <error message="Unexpected exception, expected&lt;java.lang.IllegalStateException&gt; but was&lt;java.lang.reflect.InaccessibleObjectException&gt;" type="java.lang.Exception">java.lang.Exception: Unexpected exception, expected&lt;java.lang.IllegalStateException&gt; but was&lt;java.lang.reflect.InaccessibleObjectException&gt;
	at org.junit.internal.runners.statements.ExpectException.evaluate(ExpectException.java:28)
	at org.junit.internal.runners.statements.RunBefores.evaluate(RunBefores.java:26)
	at org.junit.runners.ParentRunner.runLeaf(ParentRunner.java:325)
	at org.junit.runners.BlockJUnit4ClassRunner.runChild(BlockJUnit4ClassRunner.java:78)
	at org.junit.runners.BlockJUnit4ClassRunner.runChild(BlockJUnit4ClassRunner.java:57)
	at org.junit.runners.ParentRunner$3.run(ParentRunner.java:290)
	at org.junit.runners.ParentRunner$1.schedule(ParentRunner.java:71)
	at org.junit.runners.ParentRunner.runChildren(ParentRunner.java:288)
	at org.junit.runners.ParentRunner.access$000(ParentRunner.java:58)
	at org.junit.runners.ParentRunner$2.evaluate(ParentRunner.java:268)
	at org.junit.runners.ParentRunner.run(ParentRunner.java:363)
	at org.apache.maven.surefire.junit4.JUnit4Provider.execute(JUnit4Provider.java:252)
	at org.apache.maven.surefire.junit4.JUnit4Provider.executeTestSet(JUnit4Provider.java:141)
	at org.apache.maven.surefire.junit4.JUnit4Provider.invoke(JUnit4Provider.java:112)
	at java.base/jdk.internal.reflect.NativeMethodAccessorImpl.invoke0(Native Method)
	at java.base/jdk.internal.reflect.NativeMethodAccessorImpl.invoke(NativeMethodAccessorImpl.java:78)
	at java.base/jdk.internal.reflect.DelegatingMethodAccessorImpl.invoke(DelegatingMethodAccessorImpl.java:43)
	at java.base/java.lang.reflect.Method.invoke(Method.java:567)
	at org.apache.maven.surefire.util.ReflectionUtils.invokeMethodWithArray(ReflectionUtils.java:189)
	at org.apache.maven.surefire.booter.ProviderFactory$ProviderProxy.invoke(ProviderFactory.java:165)
	at org.apache.maven.surefire.booter.ProviderFactory.invokeProvider(ProviderFactory.java:85)
	at org.apache.maven.surefire.booter.ForkedBooter.runSuitesInProcess(ForkedBooter.java:115)
	at org.apache.maven.surefire.booter.ForkedBooter.main(ForkedBooter.java:75)
Caused by: java.lang.reflect.InaccessibleObjectException: Unable to make private java.net.Socket(java.net.SocketAddress,java.net.SocketAddress,boolean) throws java.io.IOException accessible: module java.base does not &quot;opens java.net&quot; to unnamed module @2eb231a6
	at java.base/java.lang.reflect.AccessibleObject.checkCanSetAccessible(AccessibleObject.java:357)
	at java.base/java.lang.reflect.AccessibleObject.checkCanSetAccessible(AccessibleObject.java:297)
	at java.base/java.lang.reflect.Constructor.checkCanSetAccessible(Constructor.java:188)
	at java.base/java.lang.reflect.Constructor.setAccessible(Constructor.java:181)
	at org.mockito.internal.creation.cglib.ClassImposterizer.setConstructorsAccessible(ClassImposterizer.java:86)
	at org.mockito.internal.creation.cglib.ClassImposterizer.imposterise(ClassImposterizer.java:56)
	at org.mockito.internal.creation.cglib.ClassImposterizer.imposterise(ClassImposterizer.java:49)
	at org.mockito.internal.creation.cglib.CglibMockMaker.createMock(CglibMockMaker.java:24)
	at org.mockito.internal.util.MockUtil.createMock(MockUtil.java:33)
	at org.mockito.internal.MockitoCore.mock(MockitoCore.java:59)
	at org.mockito.Mockito.mock(Mockito.java:1285)
	at org.mockito.Mockito.mock(Mockito.java:1163)
	at io.harness.jhttp.server.SocketHttpResponseTest.createResponse(SocketHttpResponseTest.java:67)
	at io.harness.jhttp.server.SocketHttpResponseTest.testNoSetContentTypeAfterCommit(SocketHttpResponseTest.java:61)
	at java.base/jdk.internal.reflect.NativeMethodAccessorImpl.invoke0(Native Method)
	at java.base/jdk.internal.reflect.NativeMethodAccessorImpl.invoke(NativeMethodAccessorImpl.java:78)
	at java.base/jdk.internal.reflect.DelegatingMethodAccessorImpl.invoke(DelegatingMethodAccessorImpl.java:43)
	at java.base/java.lang.reflect.Method.invoke(Method.java:567)
	at org.junit.runners.model.FrameworkMethod$1.runReflectiveCall(FrameworkMethod.java:50)
	at org.junit.internal.runners.model.ReflectiveCallable.run(ReflectiveCallable.java:12)
	at org.junit.runners.model.FrameworkMethod.invokeExplosively(FrameworkMethod.java:47)
	at org.junit.internal.runners.statements.InvokeMethod.evaluate(InvokeMethod.java:17)
	at org.junit.internal.runners.statements.ExpectException.evaluate(ExpectException.java:19)
	... 22 more
</error>
  </testcase>
</testsuite>